Traceback (most recent call last):
  File "/usr/share/miniconda/lib/python3.7/site-packages/jupyter_cache/executors/utils.py", line 56, in single_nb_execution
    record_timing=False,
  File "/usr/share/miniconda/lib/python3.7/site-packages/nbclient/client.py", line 1112, in execute
    return NotebookClient(nb=nb, resources=resources, km=km, **kwargs).execute()
  File "/usr/share/miniconda/lib/python3.7/site-packages/nbclient/util.py", line 74, in wrapped
    return just_run(coro(*args, **kwargs))
  File "/usr/share/miniconda/lib/python3.7/site-packages/nbclient/util.py", line 53, in just_run
    return loop.run_until_complete(coro)
  File "/usr/share/miniconda/lib/python3.7/asyncio/base_events.py", line 587, in run_until_complete
    return future.result()
  File "/usr/share/miniconda/lib/python3.7/site-packages/nbclient/client.py", line 554, in async_execute
    cell, index, execution_count=self.code_cells_executed + 1
  File "/usr/share/miniconda/lib/python3.7/site-packages/nbclient/client.py", line 857, in async_execute_cell
    self._check_raise_for_error(cell, exec_reply)
  File "/usr/share/miniconda/lib/python3.7/site-packages/nbclient/client.py", line 760, in _check_raise_for_error
    raise CellExecutionError.from_cell_and_msg(cell, exec_reply_content)
nbclient.exceptions.CellExecutionError: An error occurred while executing the following cell:
------------------
D2, C2 = np.linalg.eig(B)
np.allclose(C2*np.diag(D2)*C2**(-1), B)
C = C2
------------------

[0;31m---------------------------------------------------------------------------[0m
[0;31mNameError[0m                                 Traceback (most recent call last)
[0;32m/tmp/ipykernel_4951/2765376997.py[0m in [0;36m<module>[0;34m[0m
[0;32m----> 1[0;31m [0mD2[0m[0;34m,[0m [0mC2[0m [0;34m=[0m [0mnp[0m[0;34m.[0m[0mlinalg[0m[0;34m.[0m[0meig[0m[0;34m([0m[0mB[0m[0;34m)[0m[0;34m[0m[0;34m[0m[0m
[0m[1;32m      2[0m [0mnp[0m[0;34m.[0m[0mallclose[0m[0;34m([0m[0mC2[0m[0;34m*[0m[0mnp[0m[0;34m.[0m[0mdiag[0m[0;34m([0m[0mD2[0m[0;34m)[0m[0;34m*[0m[0mC2[0m[0;34m**[0m[0;34m([0m[0;34m-[0m[0;36m1[0m[0;34m)[0m[0;34m,[0m [0mB[0m[0;34m)[0m[0;34m[0m[0;34m[0m[0m
[1;32m      3[0m [0mC[0m [0;34m=[0m [0mC2[0m[0;34m[0m[0;34m[0m[0m

[0;31mNameError[0m: name 'B' is not defined
NameError: name 'B' is not defined

